2023-11-21 21:04:55,991 -  ――――――――――――――――――――――――――――――――――――――――――――――――――――――――――――――――――――――――――――――――――――――――
2023-11-21 21:05:03,192 -  【预约状态】: 没有预约信息
2023-11-21 21:05:03,230 -  Traceback (most recent call last):
  File "C:\Users\78381\Desktop\图书馆预约\newblcuLib\reserve.py", line 512, in main
    AutoLockDesk(userConfig)
  File "C:\Users\78381\Desktop\图书馆预约\newblcuLib\reserve.py", line 414, in AutoLockDesk
    if datetime.now().hour()==21:
TypeError: 'int' object is not callable

2023-11-21 21:05:03,231 -  ――――――――――――――――――――――――――――――――――――――――――――――――――――――――――――――――――――――――――――――――――――――――
2023-11-21 21:05:11,056 -  【预约状态】: 没有预约信息
2023-11-21 21:05:11,056 -  Traceback (most recent call last):
  File "C:\Users\78381\Desktop\图书馆预约\newblcuLib\reserve.py", line 512, in main
    AutoLockDesk(userConfig)
  File "C:\Users\78381\Desktop\图书馆预约\newblcuLib\reserve.py", line 414, in AutoLockDesk
    if datetime.now().hour()==21:
TypeError: 'int' object is not callable

2023-11-21 21:05:11,056 -  ――――――――――――――――――――――――――――――――――――――――――――――――――――――――――――――――――――――――――――――――――――――――
2023-11-21 21:05:17,828 -  【预约状态】: 没有预约信息
2023-11-21 21:05:17,828 -  Traceback (most recent call last):
  File "C:\Users\78381\Desktop\图书馆预约\newblcuLib\reserve.py", line 512, in main
    AutoLockDesk(userConfig)
  File "C:\Users\78381\Desktop\图书馆预约\newblcuLib\reserve.py", line 414, in AutoLockDesk
    if datetime.now().hour()==21:
TypeError: 'int' object is not callable

2023-11-21 21:05:17,828 -  ――――――――――――――――――――――――――――――――――――――――――――――――――――――――――――――――――――――――――――――――――――――――
2023-11-21 21:05:24,532 -  【预约状态】: 没有预约信息
2023-11-21 21:05:24,532 -  Traceback (most recent call last):
  File "C:\Users\78381\Desktop\图书馆预约\newblcuLib\reserve.py", line 512, in main
    AutoLockDesk(userConfig)
  File "C:\Users\78381\Desktop\图书馆预约\newblcuLib\reserve.py", line 414, in AutoLockDesk
    if datetime.now().hour()==21:
TypeError: 'int' object is not callable

2023-11-21 21:05:24,532 -  ――――――――――――――――――――――――――――――――――――――――――――――――――――――――――――――――――――――――――――――――――――――――
2023-11-21 21:05:31,316 -  【预约状态】: 没有预约信息
2023-11-21 21:05:31,316 -  Traceback (most recent call last):
  File "C:\Users\78381\Desktop\图书馆预约\newblcuLib\reserve.py", line 512, in main
    AutoLockDesk(userConfig)
  File "C:\Users\78381\Desktop\图书馆预约\newblcuLib\reserve.py", line 414, in AutoLockDesk
    if datetime.now().hour()==21:
TypeError: 'int' object is not callable

2023-11-21 21:06:24,435 -  ――――――――――――――――――――――――――――――――――――――――――――――――――――――――――――――――――――――――――――――――――――――――
2023-11-21 21:06:31,811 -  【预约状态】: 没有预约信息
2023-11-21 21:06:31,827 -  Traceback (most recent call last):
  File "C:\Users\78381\Desktop\图书馆预约\newblcuLib\reserve.py", line 509, in main
    AutoLockDesk(userConfig)
  File "C:\Users\78381\Desktop\图书馆预约\newblcuLib\reserve.py", line 410, in AutoLockDesk
    print(datetime.now().hour())
TypeError: 'int' object is not callable

2023-11-21 21:06:31,827 -  ――――――――――――――――――――――――――――――――――――――――――――――――――――――――――――――――――――――――――――――――――――――――
2023-11-21 21:06:38,489 -  【预约状态】: 没有预约信息
2023-11-21 21:06:38,489 -  Traceback (most recent call last):
  File "C:\Users\78381\Desktop\图书馆预约\newblcuLib\reserve.py", line 509, in main
    AutoLockDesk(userConfig)
  File "C:\Users\78381\Desktop\图书馆预约\newblcuLib\reserve.py", line 410, in AutoLockDesk
    print(datetime.now().hour())
TypeError: 'int' object is not callable

2023-11-21 21:06:38,495 -  ――――――――――――――――――――――――――――――――――――――――――――――――――――――――――――――――――――――――――――――――――――――――
2023-11-21 21:06:42,650 -  Traceback (most recent call last):
  File "C:\Users\78381\Desktop\图书馆预约\newblcuLib\reserve.py", line 509, in main
    AutoLockDesk(userConfig)
  File "C:\Users\78381\Desktop\图书馆预约\newblcuLib\reserve.py", line 356, in AutoLockDesk
    session,cookies,token,accNo=loginReturnSession(userConfig['username'],userConfig['password'])
  File "C:\Users\78381\Desktop\图书馆预约\newblcuLib\reserve.py", line 159, in loginReturnSession
    time.sleep(1)
KeyboardInterrupt

2023-11-21 21:06:42,689 -  ――――――――――――――――――――――――――――――――――――――――――――――――――――――――――――――――――――――――――――――――――――――――
2023-11-21 21:06:43,930 -  Traceback (most recent call last):
  File "C:\Users\78381\anaconda3\envs\blcuLib\lib\socket.py", line 704, in readinto
    return self._sock.recv_into(b)
ConnectionResetError: [WinError 10054] 远程主机强迫关闭了一个现有的连接。

During handling of the above exception, another exception occurred:

Traceback (most recent call last):
  File "C:\Users\78381\Desktop\图书馆预约\newblcuLib\reserve.py", line 509, in main
    AutoLockDesk(userConfig)
  File "C:\Users\78381\Desktop\图书馆预约\newblcuLib\reserve.py", line 356, in AutoLockDesk
    session,cookies,token,accNo=loginReturnSession(userConfig['username'],userConfig['password'])
  File "C:\Users\78381\Desktop\图书馆预约\newblcuLib\reserve.py", line 146, in loginReturnSession
    driver.get("http://libkjyy.blcu.edu.cn/mobile.html#/login")
  File "C:\Users\78381\anaconda3\envs\blcuLib\lib\site-packages\selenium\webdriver\remote\webdriver.py", line 356, in get
    self.execute(Command.GET, {"url": url})
  File "C:\Users\78381\anaconda3\envs\blcuLib\lib\site-packages\selenium\webdriver\remote\webdriver.py", line 345, in execute
    response = self.command_executor.execute(driver_command, params)
  File "C:\Users\78381\anaconda3\envs\blcuLib\lib\site-packages\selenium\webdriver\remote\remote_connection.py", line 300, in execute
    return self._request(command_info[0], url, body=data)
  File "C:\Users\78381\anaconda3\envs\blcuLib\lib\site-packages\selenium\webdriver\remote\remote_connection.py", line 321, in _request
    response = self._conn.request(method, url, body=body, headers=headers)
  File "C:\Users\78381\anaconda3\envs\blcuLib\lib\site-packages\urllib3\_request_methods.py", line 118, in request
    return self.request_encode_body(
  File "C:\Users\78381\anaconda3\envs\blcuLib\lib\site-packages\urllib3\_request_methods.py", line 217, in request_encode_body
    return self.urlopen(method, url, **extra_kw)
  File "C:\Users\78381\anaconda3\envs\blcuLib\lib\site-packages\urllib3\poolmanager.py", line 444, in urlopen
    response = conn.urlopen(method, u.request_uri, **kw)
  File "C:\Users\78381\anaconda3\envs\blcuLib\lib\site-packages\urllib3\connectionpool.py", line 790, in urlopen
    response = self._make_request(
  File "C:\Users\78381\anaconda3\envs\blcuLib\lib\site-packages\urllib3\connectionpool.py", line 536, in _make_request
    response = conn.getresponse()
  File "C:\Users\78381\anaconda3\envs\blcuLib\lib\site-packages\urllib3\connection.py", line 461, in getresponse
    httplib_response = super().getresponse()
  File "C:\Users\78381\anaconda3\envs\blcuLib\lib\http\client.py", line 1377, in getresponse
    response.begin()
  File "C:\Users\78381\anaconda3\envs\blcuLib\lib\http\client.py", line 320, in begin
    version, status, reason = self._read_status()
  File "C:\Users\78381\anaconda3\envs\blcuLib\lib\http\client.py", line 281, in _read_status
    line = str(self.fp.readline(_MAXLINE + 1), "iso-8859-1")
  File "C:\Users\78381\anaconda3\envs\blcuLib\lib\socket.py", line 704, in readinto
    return self._sock.recv_into(b)
KeyboardInterrupt

2023-11-21 21:06:46,048 -  ――――――――――――――――――――――――――――――――――――――――――――――――――――――――――――――――――――――――――――――――――――――――
2023-11-21 21:06:52,795 -  【预约状态】: 没有预约信息
2023-11-21 21:06:52,795 -  Traceback (most recent call last):
  File "C:\Users\78381\Desktop\图书馆预约\newblcuLib\reserve.py", line 509, in main
    AutoLockDesk(userConfig)
  File "C:\Users\78381\Desktop\图书馆预约\newblcuLib\reserve.py", line 410, in AutoLockDesk
    print(datetime.now().hour())
TypeError: 'int' object is not callable

2023-11-21 21:07:38,719 -  ――――――――――――――――――――――――――――――――――――――――――――――――――――――――――――――――――――――――――――――――――――――――
2023-11-21 21:07:45,415 -  【预约状态】: 没有预约信息
2023-11-21 21:07:45,415 -  Traceback (most recent call last):
  File "C:\Users\78381\Desktop\图书馆预约\newblcuLib\reserve.py", line 510, in main
    AutoLockDesk(userConfig)
  File "C:\Users\78381\Desktop\图书馆预约\newblcuLib\reserve.py", line 411, in AutoLockDesk
    print(datetime.now().hour())
TypeError: 'int' object is not callable

2023-11-21 21:07:45,430 -  ――――――――――――――――――――――――――――――――――――――――――――――――――――――――――――――――――――――――――――――――――――――――
2023-11-21 21:07:52,122 -  【预约状态】: 没有预约信息
2023-11-21 21:07:52,122 -  Traceback (most recent call last):
  File "C:\Users\78381\Desktop\图书馆预约\newblcuLib\reserve.py", line 510, in main
    AutoLockDesk(userConfig)
  File "C:\Users\78381\Desktop\图书馆预约\newblcuLib\reserve.py", line 411, in AutoLockDesk
    print(datetime.now().hour())
TypeError: 'int' object is not callable

2023-11-21 21:07:52,126 -  ――――――――――――――――――――――――――――――――――――――――――――――――――――――――――――――――――――――――――――――――――――――――
2023-11-21 21:07:58,955 -  【预约状态】: 没有预约信息
2023-11-21 21:07:58,963 -  Traceback (most recent call last):
  File "C:\Users\78381\Desktop\图书馆预约\newblcuLib\reserve.py", line 510, in main
    AutoLockDesk(userConfig)
  File "C:\Users\78381\Desktop\图书馆预约\newblcuLib\reserve.py", line 411, in AutoLockDesk
    print(datetime.now().hour)
TypeError: 'int' object is not callable

2023-11-21 21:07:58,963 -  ――――――――――――――――――――――――――――――――――――――――――――――――――――――――――――――――――――――――――――――――――――――――
2023-11-21 21:08:02,369 -  Traceback (most recent call last):
  File "C:\Users\78381\anaconda3\envs\blcuLib\lib\socket.py", line 704, in readinto
    return self._sock.recv_into(b)
ConnectionResetError: [WinError 10054] 远程主机强迫关闭了一个现有的连接。

During handling of the above exception, another exception occurred:

Traceback (most recent call last):
  File "C:\Users\78381\Desktop\图书馆预约\newblcuLib\reserve.py", line 510, in main
    AutoLockDesk(userConfig)
  File "C:\Users\78381\Desktop\图书馆预约\newblcuLib\reserve.py", line 356, in AutoLockDesk
    session,cookies,token,accNo=loginReturnSession(userConfig['username'],userConfig['password'])
  File "C:\Users\78381\Desktop\图书馆预约\newblcuLib\reserve.py", line 153, in loginReturnSession
    username.send_keys(my_username)
  File "C:\Users\78381\anaconda3\envs\blcuLib\lib\site-packages\selenium\webdriver\remote\webelement.py", line 230, in send_keys
    self._execute(
  File "C:\Users\78381\anaconda3\envs\blcuLib\lib\site-packages\selenium\webdriver\remote\webelement.py", line 394, in _execute
    return self._parent.execute(command, params)
  File "C:\Users\78381\anaconda3\envs\blcuLib\lib\site-packages\selenium\webdriver\remote\webdriver.py", line 345, in execute
    response = self.command_executor.execute(driver_command, params)
  File "C:\Users\78381\anaconda3\envs\blcuLib\lib\site-packages\selenium\webdriver\remote\remote_connection.py", line 300, in execute
    return self._request(command_info[0], url, body=data)
  File "C:\Users\78381\anaconda3\envs\blcuLib\lib\site-packages\selenium\webdriver\remote\remote_connection.py", line 321, in _request
    response = self._conn.request(method, url, body=body, headers=headers)
  File "C:\Users\78381\anaconda3\envs\blcuLib\lib\site-packages\urllib3\_request_methods.py", line 118, in request
    return self.request_encode_body(
  File "C:\Users\78381\anaconda3\envs\blcuLib\lib\site-packages\urllib3\_request_methods.py", line 217, in request_encode_body
    return self.urlopen(method, url, **extra_kw)
  File "C:\Users\78381\anaconda3\envs\blcuLib\lib\site-packages\urllib3\poolmanager.py", line 444, in urlopen
    response = conn.urlopen(method, u.request_uri, **kw)
  File "C:\Users\78381\anaconda3\envs\blcuLib\lib\site-packages\urllib3\connectionpool.py", line 790, in urlopen
    response = self._make_request(
  File "C:\Users\78381\anaconda3\envs\blcuLib\lib\site-packages\urllib3\connectionpool.py", line 536, in _make_request
    response = conn.getresponse()
  File "C:\Users\78381\anaconda3\envs\blcuLib\lib\site-packages\urllib3\connection.py", line 461, in getresponse
    httplib_response = super().getresponse()
  File "C:\Users\78381\anaconda3\envs\blcuLib\lib\http\client.py", line 1377, in getresponse
    response.begin()
  File "C:\Users\78381\anaconda3\envs\blcuLib\lib\http\client.py", line 320, in begin
    version, status, reason = self._read_status()
  File "C:\Users\78381\anaconda3\envs\blcuLib\lib\http\client.py", line 281, in _read_status
    line = str(self.fp.readline(_MAXLINE + 1), "iso-8859-1")
  File "C:\Users\78381\anaconda3\envs\blcuLib\lib\socket.py", line 704, in readinto
    return self._sock.recv_into(b)
KeyboardInterrupt

2023-11-21 21:08:04,432 -  ――――――――――――――――――――――――――――――――――――――――――――――――――――――――――――――――――――――――――――――――――――――――
2023-11-21 21:08:11,247 -  【预约状态】: 没有预约信息
2023-11-21 21:08:11,247 -  Traceback (most recent call last):
  File "C:\Users\78381\Desktop\图书馆预约\newblcuLib\reserve.py", line 510, in main
    AutoLockDesk(userConfig)
  File "C:\Users\78381\Desktop\图书馆预约\newblcuLib\reserve.py", line 411, in AutoLockDesk
    print(datetime.now().hour)
TypeError: 'int' object is not callable

2023-11-21 21:08:17,819 -  ――――――――――――――――――――――――――――――――――――――――――――――――――――――――――――――――――――――――――――――――――――――――
2023-11-21 21:08:24,555 -  【预约状态】: 没有预约信息
2023-11-21 21:08:45,229 -  Traceback (most recent call last):
  File "C:\Users\78381\Desktop\图书馆预约\newblcuLib\reserve.py", line 510, in main
    AutoLockDesk(userConfig)
  File "C:\Users\78381\Desktop\图书馆预约\newblcuLib\reserve.py", line 413, in AutoLockDesk
    input("已经超过21点 无法再预约！！！ Ctrl+c 退出")
KeyboardInterrupt

2023-11-21 21:08:45,229 -  ――――――――――――――――――――――――――――――――――――――――――――――――――――――――――――――――――――――――――――――――――――――――
2023-11-21 21:08:47,088 -  Traceback (most recent call last):
  File "C:\Users\78381\anaconda3\envs\blcuLib\lib\socket.py", line 704, in readinto
    return self._sock.recv_into(b)
ConnectionResetError: [WinError 10054] 远程主机强迫关闭了一个现有的连接。

During handling of the above exception, another exception occurred:

Traceback (most recent call last):
  File "C:\Users\78381\Desktop\图书馆预约\newblcuLib\reserve.py", line 510, in main
    AutoLockDesk(userConfig)
  File "C:\Users\78381\Desktop\图书馆预约\newblcuLib\reserve.py", line 356, in AutoLockDesk
    session,cookies,token,accNo=loginReturnSession(userConfig['username'],userConfig['password'])
  File "C:\Users\78381\Desktop\图书馆预约\newblcuLib\reserve.py", line 146, in loginReturnSession
    driver.get("http://libkjyy.blcu.edu.cn/mobile.html#/login")
  File "C:\Users\78381\anaconda3\envs\blcuLib\lib\site-packages\selenium\webdriver\remote\webdriver.py", line 356, in get
    self.execute(Command.GET, {"url": url})
  File "C:\Users\78381\anaconda3\envs\blcuLib\lib\site-packages\selenium\webdriver\remote\webdriver.py", line 345, in execute
    response = self.command_executor.execute(driver_command, params)
  File "C:\Users\78381\anaconda3\envs\blcuLib\lib\site-packages\selenium\webdriver\remote\remote_connection.py", line 300, in execute
    return self._request(command_info[0], url, body=data)
  File "C:\Users\78381\anaconda3\envs\blcuLib\lib\site-packages\selenium\webdriver\remote\remote_connection.py", line 321, in _request
    response = self._conn.request(method, url, body=body, headers=headers)
  File "C:\Users\78381\anaconda3\envs\blcuLib\lib\site-packages\urllib3\_request_methods.py", line 118, in request
    return self.request_encode_body(
  File "C:\Users\78381\anaconda3\envs\blcuLib\lib\site-packages\urllib3\_request_methods.py", line 217, in request_encode_body
    return self.urlopen(method, url, **extra_kw)
  File "C:\Users\78381\anaconda3\envs\blcuLib\lib\site-packages\urllib3\poolmanager.py", line 444, in urlopen
    response = conn.urlopen(method, u.request_uri, **kw)
  File "C:\Users\78381\anaconda3\envs\blcuLib\lib\site-packages\urllib3\connectionpool.py", line 790, in urlopen
    response = self._make_request(
  File "C:\Users\78381\anaconda3\envs\blcuLib\lib\site-packages\urllib3\connectionpool.py", line 536, in _make_request
    response = conn.getresponse()
  File "C:\Users\78381\anaconda3\envs\blcuLib\lib\site-packages\urllib3\connection.py", line 461, in getresponse
    httplib_response = super().getresponse()
  File "C:\Users\78381\anaconda3\envs\blcuLib\lib\http\client.py", line 1377, in getresponse
    response.begin()
  File "C:\Users\78381\anaconda3\envs\blcuLib\lib\http\client.py", line 320, in begin
    version, status, reason = self._read_status()
  File "C:\Users\78381\anaconda3\envs\blcuLib\lib\http\client.py", line 281, in _read_status
    line = str(self.fp.readline(_MAXLINE + 1), "iso-8859-1")
  File "C:\Users\78381\anaconda3\envs\blcuLib\lib\socket.py", line 704, in readinto
    return self._sock.recv_into(b)
KeyboardInterrupt

2023-11-21 21:08:49,161 -  ――――――――――――――――――――――――――――――――――――――――――――――――――――――――――――――――――――――――――――――――――――――――
2023-11-21 21:08:50,548 -  Traceback (most recent call last):
  File "C:\Users\78381\anaconda3\envs\blcuLib\lib\socket.py", line 704, in readinto
    return self._sock.recv_into(b)
ConnectionResetError: [WinError 10054] 远程主机强迫关闭了一个现有的连接。

During handling of the above exception, another exception occurred:

Traceback (most recent call last):
  File "C:\Users\78381\Desktop\图书馆预约\newblcuLib\reserve.py", line 510, in main
    AutoLockDesk(userConfig)
  File "C:\Users\78381\Desktop\图书馆预约\newblcuLib\reserve.py", line 356, in AutoLockDesk
    session,cookies,token,accNo=loginReturnSession(userConfig['username'],userConfig['password'])
  File "C:\Users\78381\Desktop\图书馆预约\newblcuLib\reserve.py", line 146, in loginReturnSession
    driver.get("http://libkjyy.blcu.edu.cn/mobile.html#/login")
  File "C:\Users\78381\anaconda3\envs\blcuLib\lib\site-packages\selenium\webdriver\remote\webdriver.py", line 356, in get
    self.execute(Command.GET, {"url": url})
  File "C:\Users\78381\anaconda3\envs\blcuLib\lib\site-packages\selenium\webdriver\remote\webdriver.py", line 345, in execute
    response = self.command_executor.execute(driver_command, params)
  File "C:\Users\78381\anaconda3\envs\blcuLib\lib\site-packages\selenium\webdriver\remote\remote_connection.py", line 300, in execute
    return self._request(command_info[0], url, body=data)
  File "C:\Users\78381\anaconda3\envs\blcuLib\lib\site-packages\selenium\webdriver\remote\remote_connection.py", line 321, in _request
    response = self._conn.request(method, url, body=body, headers=headers)
  File "C:\Users\78381\anaconda3\envs\blcuLib\lib\site-packages\urllib3\_request_methods.py", line 118, in request
    return self.request_encode_body(
  File "C:\Users\78381\anaconda3\envs\blcuLib\lib\site-packages\urllib3\_request_methods.py", line 217, in request_encode_body
    return self.urlopen(method, url, **extra_kw)
  File "C:\Users\78381\anaconda3\envs\blcuLib\lib\site-packages\urllib3\poolmanager.py", line 444, in urlopen
    response = conn.urlopen(method, u.request_uri, **kw)
  File "C:\Users\78381\anaconda3\envs\blcuLib\lib\site-packages\urllib3\connectionpool.py", line 790, in urlopen
    response = self._make_request(
  File "C:\Users\78381\anaconda3\envs\blcuLib\lib\site-packages\urllib3\connectionpool.py", line 536, in _make_request
    response = conn.getresponse()
  File "C:\Users\78381\anaconda3\envs\blcuLib\lib\site-packages\urllib3\connection.py", line 461, in getresponse
    httplib_response = super().getresponse()
  File "C:\Users\78381\anaconda3\envs\blcuLib\lib\http\client.py", line 1377, in getresponse
    response.begin()
  File "C:\Users\78381\anaconda3\envs\blcuLib\lib\http\client.py", line 320, in begin
    version, status, reason = self._read_status()
  File "C:\Users\78381\anaconda3\envs\blcuLib\lib\http\client.py", line 281, in _read_status
    line = str(self.fp.readline(_MAXLINE + 1), "iso-8859-1")
  File "C:\Users\78381\anaconda3\envs\blcuLib\lib\socket.py", line 704, in readinto
    return self._sock.recv_into(b)
KeyboardInterrupt

2023-11-21 21:08:52,626 -  ――――――――――――――――――――――――――――――――――――――――――――――――――――――――――――――――――――――――――――――――――――――――
2023-11-21 21:08:53,688 -  Traceback (most recent call last):
  File "C:\Users\78381\anaconda3\envs\blcuLib\lib\socket.py", line 832, in create_connection
    sock.connect(sa)
socket.timeout: timed out

During handling of the above exception, another exception occurred:

Traceback (most recent call last):
  File "C:\Users\78381\Desktop\图书馆预约\newblcuLib\reserve.py", line 510, in main
    AutoLockDesk(userConfig)
  File "C:\Users\78381\Desktop\图书馆预约\newblcuLib\reserve.py", line 356, in AutoLockDesk
    session,cookies,token,accNo=loginReturnSession(userConfig['username'],userConfig['password'])
  File "C:\Users\78381\Desktop\图书馆预约\newblcuLib\reserve.py", line 145, in loginReturnSession
    driver = webdriver.Edge(options=options,service=s)
  File "C:\Users\78381\anaconda3\envs\blcuLib\lib\site-packages\selenium\webdriver\edge\webdriver.py", line 45, in __init__
    super().__init__(
  File "C:\Users\78381\anaconda3\envs\blcuLib\lib\site-packages\selenium\webdriver\chromium\webdriver.py", line 53, in __init__
    self.service.start()
  File "C:\Users\78381\anaconda3\envs\blcuLib\lib\site-packages\selenium\webdriver\common\service.py", line 103, in start
    if self.is_connectable():
  File "C:\Users\78381\anaconda3\envs\blcuLib\lib\site-packages\selenium\webdriver\common\service.py", line 120, in is_connectable
    return utils.is_connectable(self.port)
  File "C:\Users\78381\anaconda3\envs\blcuLib\lib\site-packages\selenium\webdriver\common\utils.py", line 101, in is_connectable
    socket_ = socket.create_connection((host, port), 1)
  File "C:\Users\78381\anaconda3\envs\blcuLib\lib\socket.py", line 832, in create_connection
    sock.connect(sa)
KeyboardInterrupt

2023-11-21 21:08:55,760 -  ――――――――――――――――――――――――――――――――――――――――――――――――――――――――――――――――――――――――――――――――――――――――
2023-11-21 21:08:56,769 -  Traceback (most recent call last):
  File "C:\Users\78381\anaconda3\envs\blcuLib\lib\socket.py", line 832, in create_connection
    sock.connect(sa)
socket.timeout: timed out

During handling of the above exception, another exception occurred:

Traceback (most recent call last):
  File "C:\Users\78381\Desktop\图书馆预约\newblcuLib\reserve.py", line 510, in main
    AutoLockDesk(userConfig)
  File "C:\Users\78381\Desktop\图书馆预约\newblcuLib\reserve.py", line 356, in AutoLockDesk
    session,cookies,token,accNo=loginReturnSession(userConfig['username'],userConfig['password'])
  File "C:\Users\78381\Desktop\图书馆预约\newblcuLib\reserve.py", line 145, in loginReturnSession
    driver = webdriver.Edge(options=options,service=s)
  File "C:\Users\78381\anaconda3\envs\blcuLib\lib\site-packages\selenium\webdriver\edge\webdriver.py", line 45, in __init__
    super().__init__(
  File "C:\Users\78381\anaconda3\envs\blcuLib\lib\site-packages\selenium\webdriver\chromium\webdriver.py", line 53, in __init__
    self.service.start()
  File "C:\Users\78381\anaconda3\envs\blcuLib\lib\site-packages\selenium\webdriver\common\service.py", line 103, in start
    if self.is_connectable():
  File "C:\Users\78381\anaconda3\envs\blcuLib\lib\site-packages\selenium\webdriver\common\service.py", line 120, in is_connectable
    return utils.is_connectable(self.port)
  File "C:\Users\78381\anaconda3\envs\blcuLib\lib\site-packages\selenium\webdriver\common\utils.py", line 101, in is_connectable
    socket_ = socket.create_connection((host, port), 1)
  File "C:\Users\78381\anaconda3\envs\blcuLib\lib\socket.py", line 832, in create_connection
    sock.connect(sa)
KeyboardInterrupt

2023-11-21 21:12:32,679 -  ――――――――――――――――――――――――――――――――――――――――――――――――――――――――――――――――――――――――――――――――――――――――
2023-11-21 21:12:39,476 -  【预约状态】: 没有预约信息
2023-11-21 21:13:19,973 -  Traceback (most recent call last):
  File "C:\Users\78381\Desktop\图书馆预约\newblcuLib\reserve.py", line 509, in main
    AutoLockDesk(userConfig)
  File "C:\Users\78381\Desktop\图书馆预约\newblcuLib\reserve.py", line 413, in AutoLockDesk
    tryagain==False
UnboundLocalError: local variable 'tryagain' referenced before assignment

2023-11-21 21:13:19,973 -  ――――――――――――――――――――――――――――――――――――――――――――――――――――――――――――――――――――――――――――――――――――――――
2023-11-21 21:13:27,678 -  【预约状态】: 没有预约信息
2023-11-21 21:14:28,467 -  Traceback (most recent call last):
  File "C:\Users\78381\Desktop\图书馆预约\newblcuLib\reserve.py", line 509, in main
    AutoLockDesk(userConfig)
  File "C:\Users\78381\Desktop\图书馆预约\newblcuLib\reserve.py", line 413, in AutoLockDesk
    tryagain==False
UnboundLocalError: local variable 'tryagain' referenced before assignment

2023-11-21 21:14:28,467 -  ――――――――――――――――――――――――――――――――――――――――――――――――――――――――――――――――――――――――――――――――――――――――
2023-11-21 21:14:35,224 -  【预约状态】: 没有预约信息
2023-11-21 21:15:13,791 -  ――――――――――――――――――――――――――――――――――――――――――――――――――――――――――――――――――――――――――――――――――――――――
2023-11-21 21:15:22,889 -  ――――――――――――――――――――――――――――――――――――――――――――――――――――――――――――――――――――――――――――――――――――――――
2023-11-21 21:15:29,690 -  【预约状态】: 没有预约信息
2023-11-21 21:15:31,912 -  ――――――――――――――――――――――――――――――――――――――――――――――――――――――――――――――――――――――――――――――――――――――――
2023-11-21 21:15:39,664 -  【预约状态】: 没有预约信息
2023-11-21 23:39:33,172 -  ――――――――――――――――――――――――――――――――――――――――――――――――――――――――――――――――――――――――――――――――――――――――
2023-11-21 23:39:40,373 -  【预约状态】: 没有预约信息
2023-11-21 23:39:40,406 -  ---预约操作: 预约时间要大于当前时间
2023-11-22 00:13:14,076 -  ――――――――――――――――――――――――――――――――――――――――――――――――――――――――――――――――――――――――――――――――――――――――
2023-11-22 00:13:17,724 -  Traceback (most recent call last):
  File "C:\Users\78381\Desktop\图书馆预约\newblcuLib\reserve.py", line 373, in main
    AutoLockDesk(userConfig)
  File "C:\Users\78381\Desktop\图书馆预约\newblcuLib\reserve.py", line 224, in AutoLockDesk
    session,cookies,token,accNo=loginReturnSession(userConfig['username'],userConfig['password'])
  File "C:\Users\78381\Desktop\图书馆预约\newblcuLib\reserve.py", line 46, in loginReturnSession
    time.sleep(1)
AttributeError: type object 'datetime.time' has no attribute 'sleep'

2023-11-22 00:13:19,755 -  ――――――――――――――――――――――――――――――――――――――――――――――――――――――――――――――――――――――――――――――――――――――――
2023-11-22 00:13:22,991 -  Traceback (most recent call last):
  File "C:\Users\78381\Desktop\图书馆预约\newblcuLib\reserve.py", line 373, in main
    AutoLockDesk(userConfig)
  File "C:\Users\78381\Desktop\图书馆预约\newblcuLib\reserve.py", line 224, in AutoLockDesk
    session,cookies,token,accNo=loginReturnSession(userConfig['username'],userConfig['password'])
  File "C:\Users\78381\Desktop\图书馆预约\newblcuLib\reserve.py", line 46, in loginReturnSession
    time.sleep(1)
AttributeError: type object 'datetime.time' has no attribute 'sleep'

2023-11-22 00:13:25,034 -  ――――――――――――――――――――――――――――――――――――――――――――――――――――――――――――――――――――――――――――――――――――――――
2023-11-22 00:14:21,496 -  ――――――――――――――――――――――――――――――――――――――――――――――――――――――――――――――――――――――――――――――――――――――――
2023-11-22 00:14:25,199 -  Traceback (most recent call last):
  File "C:\Users\78381\Desktop\图书馆预约\newblcuLib\reserve.py", line 373, in main
    AutoLockDesk(userConfig)
  File "C:\Users\78381\Desktop\图书馆预约\newblcuLib\reserve.py", line 224, in AutoLockDesk
    session,cookies,token,accNo=loginReturnSession(userConfig['username'],userConfig['password'])
  File "C:\Users\78381\Desktop\图书馆预约\newblcuLib\reserve.py", line 46, in loginReturnSession
    time.sleep(1)
AttributeError: type object 'datetime.time' has no attribute 'sleep'

2023-11-22 00:15:04,365 -  ――――――――――――――――――――――――――――――――――――――――――――――――――――――――――――――――――――――――――――――――――――――――
2023-11-22 00:15:10,772 -  【预约状态】: 没有预约信息
2023-11-22 00:15:10,837 -  ---预约操作: 新增成功
2023-11-22 00:15:10,839 -  【新的预约】:  一层C区 1C043 2023-11-22 07-00-00 2023-11-22 22-00-00 于泽华
2023-11-22 00:15:17,495 -  【预约状态】: 预约中(未到签到时间)
2023-11-22 00:15:17,530 -  【预约信息】: 一层C区 1C043 2023-11-22 07-00-00 2023-11-22 22-00-00 于泽华
2023-11-22 00:15:17,532 -   将于 2023-11-22 07:00:00 重新预约...请勿关闭窗口(结束运行请按 Ctrl + c)...
2023-11-22 00:15:38,511 -   是否需要取消已有预约？是(y) 否(n)---y
2023-11-22 00:15:38,546 -  ---提前离开操作: 预约暂未开始，请稍后重试
2023-11-22 00:15:38,577 -  ---取消预约操作: 删除成功
2023-11-22 00:15:38,577 -  ――――――――――――――――――――――――――――――――――――――――――――――――――――――――――――――――――――――――――――――――――――――――
2023-11-22 00:15:44,886 -  【预约状态】: 没有预约信息
2023-11-22 00:15:44,949 -  ---预约操作: 新增成功
2023-11-22 00:15:44,950 -  【新的预约】:  一层C区 1C043 2023-11-22 07-00-00 2023-11-22 22-00-00 于泽华
2023-11-22 00:15:51,333 -  【预约状态】: 预约中(未到签到时间)
2023-11-22 00:15:51,363 -  【预约信息】: 一层C区 1C043 2023-11-22 07-00-00 2023-11-22 22-00-00 于泽华
2023-11-22 00:15:51,364 -   将于 2023-11-22 07:00:00 重新预约...请勿关闭窗口(结束运行请按 Ctrl + c)...
2023-11-22 00:16:26,688 -   是否需要取消已有预约？是(y) 否(n)---y
2023-11-22 00:16:26,716 -  ---提前离开操作: 预约暂未开始，请稍后重试
2023-11-22 00:16:26,743 -  ---取消预约操作: 删除成功
2023-11-22 00:16:26,745 -  ――――――――――――――――――――――――――――――――――――――――――――――――――――――――――――――――――――――――――――――――――――――――
2023-11-22 00:16:33,081 -  【预约状态】: 没有预约信息
2023-11-22 00:16:33,143 -  ---预约操作: 新增成功
2023-11-22 00:16:33,144 -  【新的预约】:  一层C区 1C043 2023-11-22 07-00-00 2023-11-22 22-00-00 于泽华
2023-11-22 00:16:39,808 -  【预约状态】: 预约中(未到签到时间)
2023-11-22 00:16:39,833 -  【预约信息】: 一层C区 1C043 2023-11-22 07-00-00 2023-11-22 22-00-00 于泽华
2023-11-22 00:16:39,833 -   将于 2023-11-22 07:00:00 重新预约...请勿关闭窗口(结束运行请按 Ctrl + c)...
2023-11-22 00:23:04,904 -  ――――――――――――――――――――――――――――――――――――――――――――――――――――――――――――――――――――――――――――――――――――――――
2023-11-22 00:23:11,813 -  【预约状态】: 预约中(未到签到时间)
2023-11-22 00:23:11,842 -  【预约信息】: 一层C区 1C043 2023-11-22 07-00-00 2023-11-22 22-00-00 于泽华
2023-11-22 00:23:11,846 -   将于 2023-11-22 07:00:00 重新预约...请勿关闭窗口(结束运行请按 Ctrl + c)...
2023-11-22 00:23:20,548 -   是否需要取消已有预约？是(y) 否(n)---y
2023-11-22 00:23:20,566 -  ---提前离开操作: 预约暂未开始，请稍后重试
2023-11-22 00:23:20,611 -  ---取消预约操作: 删除成功
2023-11-22 00:23:52,398 -  ――――――――――――――――――――――――――――――――――――――――――――――――――――――――――――――――――――――――――――――――――――――――
2023-11-22 00:24:02,444 -  Traceback (most recent call last):
  File "C:\Users\78381\Desktop\图书馆预约\newblcuLib\reserve.py", line 371, in main
    quitTry=AutoLockDesk(userConfig)
  File "C:\Users\78381\Desktop\图书馆预约\newblcuLib\reserve.py", line 224, in AutoLockDesk
    session,cookies,token,accNo=loginReturnSession(userConfig['username'],userConfig['password'])
  File "C:\Users\78381\Desktop\图书馆预约\newblcuLib\reserve.py", line 36, in loginReturnSession
    username = WAIT.until(EC.presence_of_element_located((By.XPATH, '/html/body/div/div/div/div/div/div[2]/div[1]/div/div[1]/div[2]/input')))
  File "C:\Users\78381\anaconda3\envs\blcuLib\lib\site-packages\selenium\webdriver\support\wait.py", line 101, in until
    raise TimeoutException(message, screen, stacktrace)
selenium.common.exceptions.TimeoutException: Message: 
Stacktrace:
	GetHandleVerifier [0x006A72A3+45731]
	(No symbol) [0x00632D51]
	(No symbol) [0x0052880D]
	(No symbol) [0x0055B940]
	(No symbol) [0x0055BE0B]
	(No symbol) [0x0058D1F2]
	(No symbol) [0x00578024]
	(No symbol) [0x0058B7A2]
	(No symbol) [0x00577DD6]
	(No symbol) [0x005531F6]
	(No symbol) [0x0055439D]
	GetHandleVerifier [0x009B0716+3229462]
	GetHandleVerifier [0x009F84C8+3523784]
	GetHandleVerifier [0x009F214C+3498316]
	GetHandleVerifier [0x00731680+611968]
	(No symbol) [0x0063CCCC]
	(No symbol) [0x00638DF8]
	(No symbol) [0x00638F1D]
	(No symbol) [0x0062B2C7]
	BaseThreadInitThunk [0x755C7BA9+25]
	RtlInitializeExceptionChain [0x76FBBD2B+107]
	RtlClearBits [0x76FBBCAF+191]


2023-11-22 00:24:04,491 -  ――――――――――――――――――――――――――――――――――――――――――――――――――――――――――――――――――――――――――――――――――――――――
2023-11-22 00:24:14,432 -  Traceback (most recent call last):
  File "C:\Users\78381\Desktop\图书馆预约\newblcuLib\reserve.py", line 371, in main
    quitTry=AutoLockDesk(userConfig)
  File "C:\Users\78381\Desktop\图书馆预约\newblcuLib\reserve.py", line 224, in AutoLockDesk
    session,cookies,token,accNo=loginReturnSession(userConfig['username'],userConfig['password'])
  File "C:\Users\78381\Desktop\图书馆预约\newblcuLib\reserve.py", line 36, in loginReturnSession
    username = WAIT.until(EC.presence_of_element_located((By.XPATH, '/html/body/div/div/div/div/div/div[2]/div[1]/div/div[1]/div[2]/input')))
  File "C:\Users\78381\anaconda3\envs\blcuLib\lib\site-packages\selenium\webdriver\support\wait.py", line 101, in until
    raise TimeoutException(message, screen, stacktrace)
selenium.common.exceptions.TimeoutException: Message: 
Stacktrace:
	GetHandleVerifier [0x006A72A3+45731]
	(No symbol) [0x00632D51]
	(No symbol) [0x0052880D]
	(No symbol) [0x0055B940]
	(No symbol) [0x0055BE0B]
	(No symbol) [0x0058D1F2]
	(No symbol) [0x00578024]
	(No symbol) [0x0058B7A2]
	(No symbol) [0x00577DD6]
	(No symbol) [0x005531F6]
	(No symbol) [0x0055439D]
	GetHandleVerifier [0x009B0716+3229462]
	GetHandleVerifier [0x009F84C8+3523784]
	GetHandleVerifier [0x009F214C+3498316]
	GetHandleVerifier [0x00731680+611968]
	(No symbol) [0x0063CCCC]
	(No symbol) [0x00638DF8]
	(No symbol) [0x00638F1D]
	(No symbol) [0x0062B2C7]
	BaseThreadInitThunk [0x755C7BA9+25]
	RtlInitializeExceptionChain [0x76FBBD2B+107]
	RtlClearBits [0x76FBBCAF+191]


2023-11-22 00:24:16,473 -  ――――――――――――――――――――――――――――――――――――――――――――――――――――――――――――――――――――――――――――――――――――――――
2023-11-22 00:24:26,456 -  Traceback (most recent call last):
  File "C:\Users\78381\Desktop\图书馆预约\newblcuLib\reserve.py", line 371, in main
    quitTry=AutoLockDesk(userConfig)
  File "C:\Users\78381\Desktop\图书馆预约\newblcuLib\reserve.py", line 224, in AutoLockDesk
    session,cookies,token,accNo=loginReturnSession(userConfig['username'],userConfig['password'])
  File "C:\Users\78381\Desktop\图书馆预约\newblcuLib\reserve.py", line 36, in loginReturnSession
    username = WAIT.until(EC.presence_of_element_located((By.XPATH, '/html/body/div/div/div/div/div/div[2]/div[1]/div/div[1]/div[2]/input')))
  File "C:\Users\78381\anaconda3\envs\blcuLib\lib\site-packages\selenium\webdriver\support\wait.py", line 101, in until
    raise TimeoutException(message, screen, stacktrace)
selenium.common.exceptions.TimeoutException: Message: 
Stacktrace:
	GetHandleVerifier [0x006A72A3+45731]
	(No symbol) [0x00632D51]
	(No symbol) [0x0052880D]
	(No symbol) [0x0055B940]
	(No symbol) [0x0055BE0B]
	(No symbol) [0x0058D1F2]
	(No symbol) [0x00578024]
	(No symbol) [0x0058B7A2]
	(No symbol) [0x00577DD6]
	(No symbol) [0x005531F6]
	(No symbol) [0x0055439D]
	GetHandleVerifier [0x009B0716+3229462]
	GetHandleVerifier [0x009F84C8+3523784]
	GetHandleVerifier [0x009F214C+3498316]
	GetHandleVerifier [0x00731680+611968]
	(No symbol) [0x0063CCCC]
	(No symbol) [0x00638DF8]
	(No symbol) [0x00638F1D]
	(No symbol) [0x0062B2C7]
	BaseThreadInitThunk [0x755C7BA9+25]
	RtlInitializeExceptionChain [0x76FBBD2B+107]
	RtlClearBits [0x76FBBCAF+191]


2023-11-22 00:24:29,510 -  ――――――――――――――――――――――――――――――――――――――――――――――――――――――――――――――――――――――――――――――――――――――――
2023-11-22 00:24:39,464 -  Traceback (most recent call last):
  File "C:\Users\78381\Desktop\图书馆预约\newblcuLib\reserve.py", line 371, in main
    quitTry=AutoLockDesk(userConfig)
  File "C:\Users\78381\Desktop\图书馆预约\newblcuLib\reserve.py", line 224, in AutoLockDesk
    session,cookies,token,accNo=loginReturnSession(userConfig['username'],userConfig['password'])
  File "C:\Users\78381\Desktop\图书馆预约\newblcuLib\reserve.py", line 36, in loginReturnSession
    username = WAIT.until(EC.presence_of_element_located((By.XPATH, '/html/body/div/div/div/div/div/div[2]/div[1]/div/div[1]/div[2]/input')))
  File "C:\Users\78381\anaconda3\envs\blcuLib\lib\site-packages\selenium\webdriver\support\wait.py", line 101, in until
    raise TimeoutException(message, screen, stacktrace)
selenium.common.exceptions.TimeoutException: Message: 
Stacktrace:
	GetHandleVerifier [0x006A72A3+45731]
	(No symbol) [0x00632D51]
	(No symbol) [0x0052880D]
	(No symbol) [0x0055B940]
	(No symbol) [0x0055BE0B]
	(No symbol) [0x0058D1F2]
	(No symbol) [0x00578024]
	(No symbol) [0x0058B7A2]
	(No symbol) [0x00577DD6]
	(No symbol) [0x005531F6]
	(No symbol) [0x0055439D]
	GetHandleVerifier [0x009B0716+3229462]
	GetHandleVerifier [0x009F84C8+3523784]
	GetHandleVerifier [0x009F214C+3498316]
	GetHandleVerifier [0x00731680+611968]
	(No symbol) [0x0063CCCC]
	(No symbol) [0x00638DF8]
	(No symbol) [0x00638F1D]
	(No symbol) [0x0062B2C7]
	BaseThreadInitThunk [0x755C7BA9+25]
	RtlInitializeExceptionChain [0x76FBBD2B+107]
	RtlClearBits [0x76FBBCAF+191]


2023-11-22 00:24:41,506 -  ――――――――――――――――――――――――――――――――――――――――――――――――――――――――――――――――――――――――――――――――――――――――
2023-11-22 00:24:51,459 -  Traceback (most recent call last):
  File "C:\Users\78381\Desktop\图书馆预约\newblcuLib\reserve.py", line 371, in main
    quitTry=AutoLockDesk(userConfig)
  File "C:\Users\78381\Desktop\图书馆预约\newblcuLib\reserve.py", line 224, in AutoLockDesk
    session,cookies,token,accNo=loginReturnSession(userConfig['username'],userConfig['password'])
  File "C:\Users\78381\Desktop\图书馆预约\newblcuLib\reserve.py", line 36, in loginReturnSession
    username = WAIT.until(EC.presence_of_element_located((By.XPATH, '/html/body/div/div/div/div/div/div[2]/div[1]/div/div[1]/div[2]/input')))
  File "C:\Users\78381\anaconda3\envs\blcuLib\lib\site-packages\selenium\webdriver\support\wait.py", line 101, in until
    raise TimeoutException(message, screen, stacktrace)
selenium.common.exceptions.TimeoutException: Message: 
Stacktrace:
	GetHandleVerifier [0x006A72A3+45731]
	(No symbol) [0x00632D51]
	(No symbol) [0x0052880D]
	(No symbol) [0x0055B940]
	(No symbol) [0x0055BE0B]
	(No symbol) [0x0058D1F2]
	(No symbol) [0x00578024]
	(No symbol) [0x0058B7A2]
	(No symbol) [0x00577DD6]
	(No symbol) [0x005531F6]
	(No symbol) [0x0055439D]
	GetHandleVerifier [0x009B0716+3229462]
	GetHandleVerifier [0x009F84C8+3523784]
	GetHandleVerifier [0x009F214C+3498316]
	GetHandleVerifier [0x00731680+611968]
	(No symbol) [0x0063CCCC]
	(No symbol) [0x00638DF8]
	(No symbol) [0x00638F1D]
	(No symbol) [0x0062B2C7]
	BaseThreadInitThunk [0x755C7BA9+25]
	RtlInitializeExceptionChain [0x76FBBD2B+107]
	RtlClearBits [0x76FBBCAF+191]


2023-11-22 00:26:28,917 -  ――――――――――――――――――――――――――――――――――――――――――――――――――――――――――――――――――――――――――――――――――――――――
2023-11-22 00:26:35,577 -  【预约状态】: 没有预约信息
2023-11-22 00:26:35,644 -  ---预约操作: 新增成功
2023-11-22 00:26:35,644 -  【新的预约】:  一层C区 1C043 2023-11-22 07-00-00 2023-11-22 22-00-00 于泽华
2023-11-22 00:26:41,923 -  【预约状态】: 预约中(未到签到时间)
2023-11-22 00:26:41,953 -  【预约信息】: 一层C区 1C043 2023-11-22 07-00-00 2023-11-22 22-00-00 于泽华
2023-11-22 00:26:41,959 -   将于 2023-11-22 07:00:00 重新预约...请勿关闭窗口(结束运行请按 Ctrl + c)...
2023-11-22 00:26:55,127 -   是否需要取消已有预约？是(y) 否(n)---y
2023-11-22 00:26:55,302 -  ---提前离开操作: 预约暂未开始，请稍后重试
2023-11-22 00:26:55,319 -  ---取消预约操作: 删除成功
